2021-12-03 00:23:40,487 INFO org.springframework.boot.StartupInfoLogger [main] Starting StockServiceApplicationKt using Java 11.0.12 on Ilyas-MacBook-Pro.local with PID 46064 (/Users/ilya/Documents/git/tracer-contest/stock-service/build/classes/kotlin/main started by ilya in /Users/ilya/Documents/git/tracer-contest)
2021-12-03 00:23:40,490 DEBUG org.springframework.boot.StartupInfoLogger [main] Running with Spring Boot v2.6.0, Spring v5.3.13
2021-12-03 00:23:40,491 INFO org.springframework.boot.SpringApplication [main] No active profile set, falling back to default profiles: default
2021-12-03 00:23:42,339 INFO org.springframework.data.repository.config.RepositoryConfigurationDelegate [main] Bootstrapping Spring Data R2DBC repositories in DEFAULT mode.
2021-12-03 00:23:42,535 INFO org.springframework.data.repository.config.RepositoryConfigurationDelegate [main] Finished Spring Data repository scanning in 180 ms. Found 1 R2DBC repository interfaces.
2021-12-03 00:23:43,166 INFO org.springframework.cloud.context.scope.GenericScope [main] BeanFactory id=4475a9fb-b203-3cdb-92dc-f8e4231db437
2021-12-03 00:23:46,234 INFO org.springframework.boot.actuate.endpoint.web.EndpointLinksResolver [main] Exposing 1 endpoint(s) beneath base path '/actuator'
2021-12-03 00:23:46,851 WARN org.springframework.context.support.AbstractApplicationContext [main] Exception encountered during context initialization - cancelling refresh attempt: org.springframework.beans.factory.BeanCreationException: Error creating bean with name 'org.springframework.boot.autoconfigure.kafka.KafkaAnnotationDrivenConfiguration': Unexpected exception during bean creation; nested exception is java.lang.TypeNotPresentException: Type org.springframework.kafka.listener.CommonErrorHandler not present
2021-12-03 00:23:46,908 INFO org.springframework.boot.autoconfigure.logging.ConditionEvaluationReportLoggingListener [main] 

Error starting ApplicationContext. To display the conditions report re-run your application with 'debug' enabled.
2021-12-03 00:23:46,940 ERROR org.springframework.boot.SpringApplication [main] Application run failed
org.springframework.beans.factory.BeanCreationException: Error creating bean with name 'org.springframework.boot.autoconfigure.kafka.KafkaAnnotationDrivenConfiguration': Unexpected exception during bean creation; nested exception is java.lang.TypeNotPresentException: Type org.springframework.kafka.listener.CommonErrorHandler not present
	at org.springframework.beans.factory.support.AbstractAutowireCapableBeanFactory.createBean(AbstractAutowireCapableBeanFactory.java:555)
	at org.springframework.beans.factory.support.AbstractBeanFactory.lambda$doGetBean$0(AbstractBeanFactory.java:335)
	at org.springframework.beans.factory.support.DefaultSingletonBeanRegistry.getSingleton(DefaultSingletonBeanRegistry.java:234)
	at org.springframework.beans.factory.support.AbstractBeanFactory.doGetBean(AbstractBeanFactory.java:333)
	at org.springframework.beans.factory.support.AbstractBeanFactory.getBean(AbstractBeanFactory.java:208)
	at org.springframework.beans.factory.support.DefaultListableBeanFactory.preInstantiateSingletons(DefaultListableBeanFactory.java:944)
	at org.springframework.context.support.AbstractApplicationContext.finishBeanFactoryInitialization(AbstractApplicationContext.java:918)
	at org.springframework.context.support.AbstractApplicationContext.refresh(AbstractApplicationContext.java:583)
	at org.springframework.boot.web.reactive.context.ReactiveWebServerApplicationContext.refresh(ReactiveWebServerApplicationContext.java:64)
	at org.springframework.boot.SpringApplication.refresh(SpringApplication.java:730)
	at org.springframework.boot.SpringApplication.refreshContext(SpringApplication.java:412)
	at org.springframework.boot.SpringApplication.run(SpringApplication.java:302)
	at org.springframework.boot.SpringApplication.run(SpringApplication.java:1301)
	at org.springframework.boot.SpringApplication.run(SpringApplication.java:1290)
	at com.epam.contest.stockservice.StockServiceApplicationKt.main(StockServiceApplication.kt:13)
Caused by: java.lang.TypeNotPresentException: Type org.springframework.kafka.listener.CommonErrorHandler not present
	at java.base/sun.reflect.generics.factory.CoreReflectionFactory.makeNamedType(CoreReflectionFactory.java:117)
	at java.base/sun.reflect.generics.visitor.Reifier.visitClassTypeSignature(Reifier.java:125)
	at java.base/sun.reflect.generics.tree.ClassTypeSignature.accept(ClassTypeSignature.java:49)
	at java.base/sun.reflect.generics.visitor.Reifier.reifyTypeArguments(Reifier.java:68)
	at java.base/sun.reflect.generics.visitor.Reifier.visitClassTypeSignature(Reifier.java:138)
	at java.base/sun.reflect.generics.tree.ClassTypeSignature.accept(ClassTypeSignature.java:49)
	at java.base/sun.reflect.generics.repository.ConstructorRepository.computeParameterTypes(ConstructorRepository.java:111)
	at java.base/sun.reflect.generics.repository.ConstructorRepository.getParameterTypes(ConstructorRepository.java:87)
	at java.base/java.lang.reflect.Executable.getGenericParameterTypes(Executable.java:279)
	at java.base/java.lang.reflect.Constructor.getGenericParameterTypes(Constructor.java:281)
	at org.springframework.core.MethodParameter.getGenericParameterType(MethodParameter.java:513)
	at org.springframework.core.SerializableTypeWrapper$MethodParameterTypeProvider.getType(SerializableTypeWrapper.java:291)
	at org.springframework.core.SerializableTypeWrapper.forTypeProvider(SerializableTypeWrapper.java:107)
	at org.springframework.core.ResolvableType.forType(ResolvableType.java:1421)
	at org.springframework.core.ResolvableType.forMethodParameter(ResolvableType.java:1342)
	at org.springframework.core.ResolvableType.forMethodParameter(ResolvableType.java:1324)
	at org.springframework.core.ResolvableType.forMethodParameter(ResolvableType.java:1291)
	at org.springframework.beans.factory.config.DependencyDescriptor.getResolvableType(DependencyDescriptor.java:314)
	at org.springframework.beans.factory.support.GenericTypeAwareAutowireCandidateResolver.checkGenericTypeMatch(GenericTypeAwareAutowireCandidateResolver.java:77)
	at org.springframework.beans.factory.support.GenericTypeAwareAutowireCandidateResolver.isAutowireCandidate(GenericTypeAwareAutowireCandidateResolver.java:69)
	at org.springframework.beans.factory.annotation.QualifierAnnotationAutowireCandidateResolver.isAutowireCandidate(QualifierAnnotationAutowireCandidateResolver.java:146)
	at org.springframework.beans.factory.support.DefaultListableBeanFactory.isAutowireCandidate(DefaultListableBeanFactory.java:853)
	at org.springframework.beans.factory.support.DefaultListableBeanFactory.isAutowireCandidate(DefaultListableBeanFactory.java:812)
	at org.springframework.beans.factory.support.DefaultListableBeanFactory.isAutowireCandidate(DefaultListableBeanFactory.java:795)
	at org.springframework.beans.factory.support.DefaultListableBeanFactory.findAutowireCandidates(DefaultListableBeanFactory.java:1561)
	at org.springframework.beans.factory.support.DefaultListableBeanFactory.doResolveDependency(DefaultListableBeanFactory.java:1343)
	at org.springframework.beans.factory.support.DefaultListableBeanFactory.resolveDependency(DefaultListableBeanFactory.java:1300)
	at org.springframework.beans.factory.support.ConstructorResolver.resolveAutowiredArgument(ConstructorResolver.java:887)
	at org.springframework.beans.factory.support.ConstructorResolver.createArgumentArray(ConstructorResolver.java:791)
	at org.springframework.beans.factory.support.ConstructorResolver.autowireConstructor(ConstructorResolver.java:229)
	at org.springframework.beans.factory.support.AbstractAutowireCapableBeanFactory.autowireConstructor(AbstractAutowireCapableBeanFactory.java:1372)
	at org.springframework.beans.factory.support.AbstractAutowireCapableBeanFactory.createBeanInstance(AbstractAutowireCapableBeanFactory.java:1222)
	at org.springframework.beans.factory.support.AbstractAutowireCapableBeanFactory.doCreateBean(AbstractAutowireCapableBeanFactory.java:582)
	at org.springframework.beans.factory.support.AbstractAutowireCapableBeanFactory.createBean(AbstractAutowireCapableBeanFactory.java:542)
	... 14 common frames omitted
Caused by: java.lang.ClassNotFoundException: org.springframework.kafka.listener.CommonErrorHandler
	at java.base/jdk.internal.loader.BuiltinClassLoader.loadClass(BuiltinClassLoader.java:581)
	at java.base/jdk.internal.loader.ClassLoaders$AppClassLoader.loadClass(ClassLoaders.java:178)
	at java.base/java.lang.ClassLoader.loadClass(ClassLoader.java:522)
	at java.base/java.lang.Class.forName0(Native Method)
	at java.base/java.lang.Class.forName(Class.java:398)
	at java.base/sun.reflect.generics.factory.CoreReflectionFactory.makeNamedType(CoreReflectionFactory.java:114)
	... 47 common frames omitted
2021-12-03 00:26:01,139 INFO org.springframework.boot.StartupInfoLogger [main] Starting StockServiceApplicationKt using Java 11.0.12 on Ilyas-MacBook-Pro.local with PID 46104 (/Users/ilya/Documents/git/tracer-contest/stock-service/build/classes/kotlin/main started by ilya in /Users/ilya/Documents/git/tracer-contest)
2021-12-03 00:26:01,143 DEBUG org.springframework.boot.StartupInfoLogger [main] Running with Spring Boot v2.6.0, Spring v5.3.13
2021-12-03 00:26:01,143 INFO org.springframework.boot.SpringApplication [main] No active profile set, falling back to default profiles: default
2021-12-03 00:26:02,708 INFO org.springframework.data.repository.config.RepositoryConfigurationDelegate [main] Bootstrapping Spring Data R2DBC repositories in DEFAULT mode.
2021-12-03 00:26:02,817 INFO org.springframework.data.repository.config.RepositoryConfigurationDelegate [main] Finished Spring Data repository scanning in 101 ms. Found 1 R2DBC repository interfaces.
2021-12-03 00:26:03,483 INFO org.springframework.cloud.context.scope.GenericScope [main] BeanFactory id=4475a9fb-b203-3cdb-92dc-f8e4231db437
2021-12-03 00:26:06,705 INFO org.springframework.boot.actuate.endpoint.web.EndpointLinksResolver [main] Exposing 1 endpoint(s) beneath base path '/actuator'
2021-12-03 00:26:07,495 WARN org.springframework.context.support.AbstractApplicationContext [main] Exception encountered during context initialization - cancelling refresh attempt: org.springframework.beans.factory.BeanCreationException: Error creating bean with name 'org.springframework.boot.autoconfigure.kafka.KafkaAnnotationDrivenConfiguration': Unexpected exception during bean creation; nested exception is java.lang.TypeNotPresentException: Type org.springframework.kafka.listener.CommonErrorHandler not present
2021-12-03 00:26:07,596 INFO org.springframework.boot.autoconfigure.logging.ConditionEvaluationReportLoggingListener [main] 

Error starting ApplicationContext. To display the conditions report re-run your application with 'debug' enabled.
2021-12-03 00:26:07,660 ERROR org.springframework.boot.SpringApplication [main] Application run failed
org.springframework.beans.factory.BeanCreationException: Error creating bean with name 'org.springframework.boot.autoconfigure.kafka.KafkaAnnotationDrivenConfiguration': Unexpected exception during bean creation; nested exception is java.lang.TypeNotPresentException: Type org.springframework.kafka.listener.CommonErrorHandler not present
	at org.springframework.beans.factory.support.AbstractAutowireCapableBeanFactory.createBean(AbstractAutowireCapableBeanFactory.java:555)
	at org.springframework.beans.factory.support.AbstractBeanFactory.lambda$doGetBean$0(AbstractBeanFactory.java:335)
	at org.springframework.beans.factory.support.DefaultSingletonBeanRegistry.getSingleton(DefaultSingletonBeanRegistry.java:234)
	at org.springframework.beans.factory.support.AbstractBeanFactory.doGetBean(AbstractBeanFactory.java:333)
	at org.springframework.beans.factory.support.AbstractBeanFactory.getBean(AbstractBeanFactory.java:208)
	at org.springframework.beans.factory.support.DefaultListableBeanFactory.preInstantiateSingletons(DefaultListableBeanFactory.java:944)
	at org.springframework.context.support.AbstractApplicationContext.finishBeanFactoryInitialization(AbstractApplicationContext.java:918)
	at org.springframework.context.support.AbstractApplicationContext.refresh(AbstractApplicationContext.java:583)
	at org.springframework.boot.web.reactive.context.ReactiveWebServerApplicationContext.refresh(ReactiveWebServerApplicationContext.java:64)
	at org.springframework.boot.SpringApplication.refresh(SpringApplication.java:730)
	at org.springframework.boot.SpringApplication.refreshContext(SpringApplication.java:412)
	at org.springframework.boot.SpringApplication.run(SpringApplication.java:302)
	at org.springframework.boot.SpringApplication.run(SpringApplication.java:1301)
	at org.springframework.boot.SpringApplication.run(SpringApplication.java:1290)
	at com.epam.contest.stockservice.StockServiceApplicationKt.main(StockServiceApplication.kt:13)
Caused by: java.lang.TypeNotPresentException: Type org.springframework.kafka.listener.CommonErrorHandler not present
	at java.base/sun.reflect.generics.factory.CoreReflectionFactory.makeNamedType(CoreReflectionFactory.java:117)
	at java.base/sun.reflect.generics.visitor.Reifier.visitClassTypeSignature(Reifier.java:125)
	at java.base/sun.reflect.generics.tree.ClassTypeSignature.accept(ClassTypeSignature.java:49)
	at java.base/sun.reflect.generics.visitor.Reifier.reifyTypeArguments(Reifier.java:68)
	at java.base/sun.reflect.generics.visitor.Reifier.visitClassTypeSignature(Reifier.java:138)
	at java.base/sun.reflect.generics.tree.ClassTypeSignature.accept(ClassTypeSignature.java:49)
	at java.base/sun.reflect.generics.repository.ConstructorRepository.computeParameterTypes(ConstructorRepository.java:111)
	at java.base/sun.reflect.generics.repository.ConstructorRepository.getParameterTypes(ConstructorRepository.java:87)
	at java.base/java.lang.reflect.Executable.getGenericParameterTypes(Executable.java:279)
	at java.base/java.lang.reflect.Constructor.getGenericParameterTypes(Constructor.java:281)
	at org.springframework.core.MethodParameter.getGenericParameterType(MethodParameter.java:513)
	at org.springframework.core.SerializableTypeWrapper$MethodParameterTypeProvider.getType(SerializableTypeWrapper.java:291)
	at org.springframework.core.SerializableTypeWrapper.forTypeProvider(SerializableTypeWrapper.java:107)
	at org.springframework.core.ResolvableType.forType(ResolvableType.java:1421)
	at org.springframework.core.ResolvableType.forMethodParameter(ResolvableType.java:1342)
	at org.springframework.core.ResolvableType.forMethodParameter(ResolvableType.java:1324)
	at org.springframework.core.ResolvableType.forMethodParameter(ResolvableType.java:1291)
	at org.springframework.beans.factory.config.DependencyDescriptor.getResolvableType(DependencyDescriptor.java:314)
	at org.springframework.beans.factory.support.GenericTypeAwareAutowireCandidateResolver.checkGenericTypeMatch(GenericTypeAwareAutowireCandidateResolver.java:77)
	at org.springframework.beans.factory.support.GenericTypeAwareAutowireCandidateResolver.isAutowireCandidate(GenericTypeAwareAutowireCandidateResolver.java:69)
	at org.springframework.beans.factory.annotation.QualifierAnnotationAutowireCandidateResolver.isAutowireCandidate(QualifierAnnotationAutowireCandidateResolver.java:146)
	at org.springframework.beans.factory.support.DefaultListableBeanFactory.isAutowireCandidate(DefaultListableBeanFactory.java:853)
	at org.springframework.beans.factory.support.DefaultListableBeanFactory.isAutowireCandidate(DefaultListableBeanFactory.java:812)
	at org.springframework.beans.factory.support.DefaultListableBeanFactory.isAutowireCandidate(DefaultListableBeanFactory.java:795)
	at org.springframework.beans.factory.support.DefaultListableBeanFactory.findAutowireCandidates(DefaultListableBeanFactory.java:1561)
	at org.springframework.beans.factory.support.DefaultListableBeanFactory.doResolveDependency(DefaultListableBeanFactory.java:1343)
	at org.springframework.beans.factory.support.DefaultListableBeanFactory.resolveDependency(DefaultListableBeanFactory.java:1300)
	at org.springframework.beans.factory.support.ConstructorResolver.resolveAutowiredArgument(ConstructorResolver.java:887)
	at org.springframework.beans.factory.support.ConstructorResolver.createArgumentArray(ConstructorResolver.java:791)
	at org.springframework.beans.factory.support.ConstructorResolver.autowireConstructor(ConstructorResolver.java:229)
	at org.springframework.beans.factory.support.AbstractAutowireCapableBeanFactory.autowireConstructor(AbstractAutowireCapableBeanFactory.java:1372)
	at org.springframework.beans.factory.support.AbstractAutowireCapableBeanFactory.createBeanInstance(AbstractAutowireCapableBeanFactory.java:1222)
	at org.springframework.beans.factory.support.AbstractAutowireCapableBeanFactory.doCreateBean(AbstractAutowireCapableBeanFactory.java:582)
	at org.springframework.beans.factory.support.AbstractAutowireCapableBeanFactory.createBean(AbstractAutowireCapableBeanFactory.java:542)
	... 14 common frames omitted
Caused by: java.lang.ClassNotFoundException: org.springframework.kafka.listener.CommonErrorHandler
	at java.base/jdk.internal.loader.BuiltinClassLoader.loadClass(BuiltinClassLoader.java:581)
	at java.base/jdk.internal.loader.ClassLoaders$AppClassLoader.loadClass(ClassLoaders.java:178)
	at java.base/java.lang.ClassLoader.loadClass(ClassLoader.java:522)
	at java.base/java.lang.Class.forName0(Native Method)
	at java.base/java.lang.Class.forName(Class.java:398)
	at java.base/sun.reflect.generics.factory.CoreReflectionFactory.makeNamedType(CoreReflectionFactory.java:114)
	... 47 common frames omitted
2021-12-03 00:41:05,788 INFO org.springframework.boot.StartupInfoLogger [main] Starting StockServiceApplicationKt using Java 11.0.12 on Ilyas-MacBook-Pro.local with PID 46502 (/Users/ilya/Documents/git/tracer-contest/stock-service/build/classes/kotlin/main started by ilya in /Users/ilya/Documents/git/tracer-contest)
2021-12-03 00:41:05,791 DEBUG org.springframework.boot.StartupInfoLogger [main] Running with Spring Boot v2.6.0, Spring v5.3.13
2021-12-03 00:41:05,791 INFO org.springframework.boot.SpringApplication [main] No active profile set, falling back to default profiles: default
2021-12-03 00:41:07,155 INFO org.springframework.data.repository.config.RepositoryConfigurationDelegate [main] Bootstrapping Spring Data R2DBC repositories in DEFAULT mode.
2021-12-03 00:41:07,238 INFO org.springframework.data.repository.config.RepositoryConfigurationDelegate [main] Finished Spring Data repository scanning in 76 ms. Found 1 R2DBC repository interfaces.
2021-12-03 00:41:07,575 INFO org.springframework.cloud.context.scope.GenericScope [main] BeanFactory id=4475a9fb-b203-3cdb-92dc-f8e4231db437
2021-12-03 00:41:09,558 INFO org.springframework.boot.actuate.endpoint.web.EndpointLinksResolver [main] Exposing 1 endpoint(s) beneath base path '/actuator'
2021-12-03 00:41:10,377 INFO org.springframework.boot.web.embedded.netty.NettyWebServer [main] Netty started on port 9001
2021-12-03 00:41:10,417 INFO org.springframework.boot.StartupInfoLogger [main] Started StockServiceApplicationKt in 5.195 seconds (JVM running for 11.767)
2021-12-03 00:41:11,426 WARN reactor.util.Loggers$Slf4JLogger [reactor-tcp-nio-1] Error: SEVERITY_LOCALIZED=FATAL, SEVERITY_NON_LOCALIZED=FATAL, CODE=28P01, MESSAGE=password authentication failed for user "postgres", FILE=auth.c, LINE=334, ROUTINE=auth_failed
2021-12-03 00:41:11,466 WARN reactor.util.Loggers$Slf4JLogger [reactor-tcp-nio-1] Error: SEVERITY_LOCALIZED=FATAL, SEVERITY_NON_LOCALIZED=FATAL, CODE=28P01, MESSAGE=password authentication failed for user "postgres", FILE=auth.c, LINE=334, ROUTINE=auth_failed
2021-12-03 00:41:11,471 WARN reactor.util.Loggers$Slf4JLogger [reactor-tcp-nio-1] Error: SEVERITY_LOCALIZED=FATAL, SEVERITY_NON_LOCALIZED=FATAL, CODE=28P01, MESSAGE=password authentication failed for user "postgres", FILE=auth.c, LINE=334, ROUTINE=auth_failed
2021-12-03 00:41:11,479 WARN reactor.util.Loggers$Slf4JLogger [reactor-tcp-nio-1] Error: SEVERITY_LOCALIZED=FATAL, SEVERITY_NON_LOCALIZED=FATAL, CODE=28P01, MESSAGE=password authentication failed for user "postgres", FILE=auth.c, LINE=334, ROUTINE=auth_failed
2021-12-03 00:41:11,481 WARN reactor.util.Loggers$Slf4JLogger [reactor-tcp-nio-1] Error: SEVERITY_LOCALIZED=FATAL, SEVERITY_NON_LOCALIZED=FATAL, CODE=28P01, MESSAGE=password authentication failed for user "postgres", FILE=auth.c, LINE=334, ROUTINE=auth_failed
2021-12-03 00:41:11,483 WARN reactor.util.Loggers$Slf4JLogger [reactor-tcp-nio-1] Error: SEVERITY_LOCALIZED=FATAL, SEVERITY_NON_LOCALIZED=FATAL, CODE=28P01, MESSAGE=password authentication failed for user "postgres", FILE=auth.c, LINE=334, ROUTINE=auth_failed
2021-12-03 00:41:11,488 WARN reactor.util.Loggers$Slf4JLogger [reactor-tcp-nio-1] Error: SEVERITY_LOCALIZED=FATAL, SEVERITY_NON_LOCALIZED=FATAL, CODE=28P01, MESSAGE=password authentication failed for user "postgres", FILE=auth.c, LINE=334, ROUTINE=auth_failed
2021-12-03 00:41:11,493 WARN reactor.util.Loggers$Slf4JLogger [reactor-tcp-nio-1] Error: SEVERITY_LOCALIZED=FATAL, SEVERITY_NON_LOCALIZED=FATAL, CODE=28P01, MESSAGE=password authentication failed for user "postgres", FILE=auth.c, LINE=334, ROUTINE=auth_failed
2021-12-03 00:41:11,496 WARN reactor.util.Loggers$Slf4JLogger [reactor-tcp-nio-1] Error: SEVERITY_LOCALIZED=FATAL, SEVERITY_NON_LOCALIZED=FATAL, CODE=28P01, MESSAGE=password authentication failed for user "postgres", FILE=auth.c, LINE=334, ROUTINE=auth_failed
2021-12-03 00:41:11,498 WARN reactor.util.Loggers$Slf4JLogger [reactor-tcp-nio-1] Error: SEVERITY_LOCALIZED=FATAL, SEVERITY_NON_LOCALIZED=FATAL, CODE=28P01, MESSAGE=password authentication failed for user "postgres", FILE=auth.c, LINE=334, ROUTINE=auth_failed
2021-12-03 00:41:11,499 WARN reactor.util.Loggers$Slf4JLogger [reactor-tcp-nio-1] Error: SEVERITY_LOCALIZED=FATAL, SEVERITY_NON_LOCALIZED=FATAL, CODE=28P01, MESSAGE=password authentication failed for user "postgres", FILE=auth.c, LINE=334, ROUTINE=auth_failed
